<?xml version="1.0" encoding="UTF-8"?>
<!-- Generated by org.testng.reporters.JUnitReportReporter -->
<testsuite hostname="IN-PG02A6JS" failures="0" tests="1" name="assignment.testcases.LoginTest" time="2.848" errors="0" timestamp="2023-07-21T12:00:17 IST" skipped="0">
  <testcase classname="assignment.testcases.LoginTest" name="login" time="2.848"/>
  <system-out/>
</testsuite> <!-- assignment.testcases.LoginTest -->
