<?xml version="1.0" encoding="UTF-8"?>
<!-- Generated by org.testng.reporters.JUnitReportReporter -->
<testsuite hostname="IN-PG02A6JS" failures="0" tests="1" name="assignment.testcases.AddItemToCartTest" time="1.278" errors="0" timestamp="2023-07-21T12:00:17 IST" skipped="0">
  <testcase classname="assignment.testcases.AddItemToCartTest" name="addItemToCart" time="1.278"/>
  <system-out/>
</testsuite> <!-- assignment.testcases.AddItemToCartTest -->
